D:\WORKSPACE\CONFIGTOOLV2\CONFIGTOOL\RELEASE\ASBAD_DLG.OBJ
D:\WORKSPACE\CONFIGTOOLV2\CONFIGTOOL\RELEASE\ASCD_DLG.OBJ
D:\WORKSPACE\CONFIGTOOLV2\CONFIGTOOL\RELEASE\ASEID_DLG.OBJ
D:\WORKSPACE\CONFIGTOOLV2\CONFIGTOOL\RELEASE\ASGC_DLG.OBJ
D:\WORKSPACE\CONFIGTOOLV2\CONFIGTOOL\RELEASE\ASHBM_DLG.OBJ
D:\WORKSPACE\CONFIGTOOLV2\CONFIGTOOL\RELEASE\ASOSA_DLG.OBJ
D:\WORKSPACE\CONFIGTOOLV2\CONFIGTOOL\RELEASE\ASPG_DLG.OBJ
D:\WORKSPACE\CONFIGTOOLV2\CONFIGTOOL\RELEASE\ASRDC_DLG.OBJ
D:\WORKSPACE\CONFIGTOOLV2\CONFIGTOOL\RELEASE\ASSA_DLG.OBJ
D:\WORKSPACE\CONFIGTOOLV2\CONFIGTOOL\RELEASE\ASSADR_DLG.OBJ
D:\WORKSPACE\CONFIGTOOLV2\CONFIGTOOL\RELEASE\ASSER_DLG.OBJ
D:\WORKSPACE\CONFIGTOOLV2\CONFIGTOOL\RELEASE\ASSOSA_DLG.OBJ
D:\WORKSPACE\CONFIGTOOLV2\CONFIGTOOL\RELEASE\ASSSR_DLG.OBJ
D:\WORKSPACE\CONFIGTOOLV2\CONFIGTOOL\RELEASE\ASTAC_DLG.OBJ
D:\WORKSPACE\CONFIGTOOLV2\CONFIGTOOL\RELEASE\ATCMD.OBJ
D:\WorkSpace\ConfigToolV2\ConfigTool\Release\cl.command.1.tlog
D:\WorkSpace\ConfigToolV2\ConfigTool\Release\CL.read.1.tlog
D:\WorkSpace\ConfigToolV2\ConfigTool\Release\CL.write.1.tlog
D:\WORKSPACE\CONFIGTOOLV2\CONFIGTOOL\RELEASE\COMPORTEX.OBJ
D:\WORKSPACE\CONFIGTOOLV2\CONFIGTOOL\RELEASE\CONFIGTOOL.OBJ
D:\WORKSPACE\CONFIGTOOLV2\CONFIGTOOL\RELEASE\CONFIGTOOL.RES
D:\WorkSpace\ConfigToolV2\ConfigTool\Release\ConfigTool.write.1.tlog
D:\WORKSPACE\CONFIGTOOLV2\CONFIGTOOL\RELEASE\CONFIGTOOL_V1.01_20210204.EXE.INTERMEDIATE.MANIFEST
D:\WORKSPACE\CONFIGTOOLV2\CONFIGTOOL\RELEASE\CONFIGTOOL_V1.01_20210204.PCH
D:\WORKSPACE\CONFIGTOOLV2\CONFIGTOOL\RELEASE\CONFIGTOOLDLG.OBJ
D:\WORKSPACE\CONFIGTOOLV2\CONFIGTOOL\RELEASE\DCAP_DLG.OBJ
D:\WORKSPACE\CONFIGTOOLV2\CONFIGTOOL\RELEASE\DCGC_DLG.OBJ
D:\WORKSPACE\CONFIGTOOLV2\CONFIGTOOL\RELEASE\DCHRM_DLG.OBJ
D:\WORKSPACE\CONFIGTOOLV2\CONFIGTOOL\RELEASE\DCOWH_DLG.OBJ
D:\WORKSPACE\CONFIGTOOLV2\CONFIGTOOL\RELEASE\DCPCS_DLG.OBJ
D:\WORKSPACE\CONFIGTOOLV2\CONFIGTOOL\RELEASE\DCPSDLS_DLG.OBJ
D:\WORKSPACE\CONFIGTOOLV2\CONFIGTOOL\RELEASE\DCSPW_DLG.OBJ
D:\WORKSPACE\CONFIGTOOLV2\CONFIGTOOL\RELEASE\DCTA_DLG.OBJ
D:\WORKSPACE\CONFIGTOOLV2\CONFIGTOOL\RELEASE\DEBUGLOG_DLG.OBJ
D:\WORKSPACE\CONFIGTOOLV2\CONFIGTOOL\RELEASE\DEVHOUND.OBJ
D:\WORKSPACE\CONFIGTOOLV2\CONFIGTOOL\RELEASE\EQUIPMENTSET.OBJ
D:\WORKSPACE\CONFIGTOOLV2\CONFIGTOOL\RELEASE\GPIBOPERAT.OBJ
D:\WORKSPACE\CONFIGTOOLV2\CONFIGTOOL\RELEASE\IADIPS_DLG.OBJ
D:\WORKSPACE\CONFIGTOOLV2\CONFIGTOOL\RELEASE\IADOPS_DLG.OBJ
D:\WORKSPACE\CONFIGTOOLV2\CONFIGTOOL\RELEASE\IAEPSM_DLG.OBJ
D:\WORKSPACE\CONFIGTOOLV2\CONFIGTOOL\RELEASE\IAIPS_DLG.OBJ
D:\WORKSPACE\CONFIGTOOLV2\CONFIGTOOL\RELEASE\IDSAVIS_DLG.OBJ
D:\WORKSPACE\CONFIGTOOLV2\CONFIGTOOL\RELEASE\IDSIDBVS_DLG.OBJ
D:\WORKSPACE\CONFIGTOOLV2\CONFIGTOOL\RELEASE\IDSVIMS_DLG.OBJ
D:\WorkSpace\ConfigToolV2\ConfigTool\Release\link.command.1.tlog
D:\WorkSpace\ConfigToolV2\ConfigTool\Release\link.read.1.tlog
D:\WorkSpace\ConfigToolV2\ConfigTool\Release\link.write.1.tlog
D:\WorkSpace\ConfigToolV2\ConfigTool\Release\link-cvtres.read.1.tlog
D:\WorkSpace\ConfigToolV2\ConfigTool\Release\link-cvtres.write.1.tlog
D:\WORKSPACE\CONFIGTOOLV2\CONFIGTOOL\RELEASE\M_PARA_DLG.OBJ
D:\WORKSPACE\CONFIGTOOLV2\CONFIGTOOL\RELEASE\MDBCONTROL.OBJ
D:\WorkSpace\ConfigToolV2\ConfigTool\Release\msado15(2007).tlh
D:\WorkSpace\ConfigToolV2\ConfigTool\Release\msado15(2007).tli
D:\WorkSpace\ConfigToolV2\ConfigTool\Release\mt.command.1.tlog
D:\WorkSpace\ConfigToolV2\ConfigTool\Release\mt.read.1.tlog
D:\WorkSpace\ConfigToolV2\ConfigTool\Release\mt.write.1.tlog
D:\WORKSPACE\CONFIGTOOLV2\CONFIGTOOL\RELEASE\MYWORK.OBJ
D:\WORKSPACE\CONFIGTOOLV2\CONFIGTOOL\RELEASE\OSCSS_DLG.OBJ
D:\WORKSPACE\CONFIGTOOLV2\CONFIGTOOL\RELEASE\OSER_DLG.OBJ
D:\WORKSPACE\CONFIGTOOLV2\CONFIGTOOL\RELEASE\OSGLSC_DLG.OBJ
D:\WORKSPACE\CONFIGTOOLV2\CONFIGTOOL\RELEASE\OSGS_DLG.OBJ
D:\WORKSPACE\CONFIGTOOLV2\CONFIGTOOL\RELEASE\OSHMC_DLG.OBJ
D:\WORKSPACE\CONFIGTOOLV2\CONFIGTOOL\RELEASE\OSRTO_DLG.OBJ
D:\WORKSPACE\CONFIGTOOLV2\CONFIGTOOL\RELEASE\OSUCOTA_DLG.OBJ
D:\WORKSPACE\CONFIGTOOLV2\CONFIGTOOL\RELEASE\OSUDF_DLG.OBJ
D:\WORKSPACE\CONFIGTOOLV2\CONFIGTOOL\RELEASE\OSWL_DLG.OBJ
D:\WORKSPACE\CONFIGTOOLV2\CONFIGTOOL\RELEASE\POWERCONTROL.OBJ
D:\WORKSPACE\CONFIGTOOLV2\CONFIGTOOL\RELEASE\PRRFCOFRI_DLG.OBJ
D:\WORKSPACE\CONFIGTOOLV2\CONFIGTOOL\RELEASE\PRRFRI_DLG.OBJ
D:\WorkSpace\ConfigToolV2\ConfigTool\Release\rc.command.1.tlog
D:\WorkSpace\ConfigToolV2\ConfigTool\Release\rc.read.1.tlog
D:\WorkSpace\ConfigToolV2\ConfigTool\Release\rc.write.1.tlog
D:\WORKSPACE\CONFIGTOOLV2\CONFIGTOOL\RELEASE\SCBSI_DLG.OBJ
D:\WORKSPACE\CONFIGTOOLV2\CONFIGTOOL\RELEASE\SCBSRI_DLG.OBJ
D:\WORKSPACE\CONFIGTOOLV2\CONFIGTOOL\RELEASE\SCQSS_DLG.OBJ
D:\WORKSPACE\CONFIGTOOLV2\CONFIGTOOL\RELEASE\STDAFX.OBJ
D:\WORKSPACE\CONFIGTOOLV2\CONFIGTOOL\RELEASE\TESTLIST_DLG.OBJ
D:\WORKSPACE\CONFIGTOOLV2\CONFIGTOOL\RELEASE\VC100.PDB
D:\WORKSPACE\CONFIGTOOLV2\RELEASE\CONFIGTOOL_V1.01_20210204.EXE
D:\WORKSPACE\CONFIGTOOLV2\RELEASE\CONFIGTOOL_V1.01_20210204.PDB
