d:\workspace\configtool\configtool\release\configtool_v2.03_20210322.pch
d:\workspace\configtool\configtool\release\vc141.pdb
d:\workspace\configtool\configtool\release\stdafx.obj
d:\workspace\configtool\configtool\release\configtool.obj
d:\workspace\configtool\configtool\release\comportex.obj
d:\workspace\configtool\configtool\release\atcmd.obj
d:\workspace\configtool\configtool\release\astac_dlg.obj
d:\workspace\configtool\configtool\release\asssr_dlg.obj
d:\workspace\configtool\configtool\release\assosa_dlg.obj
d:\workspace\configtool\configtool\release\asser_dlg.obj
d:\workspace\configtool\configtool\release\assa_dlg.obj
d:\workspace\configtool\configtool\release\assadr_dlg.obj
d:\workspace\configtool\configtool\release\asrdc_dlgtwo.obj
d:\workspace\configtool\configtool\release\asrdc_dlgone.obj
d:\workspace\configtool\configtool\release\asrdc_dlgnew.obj
d:\workspace\configtool\configtool\release\asrdc_dlg.obj
d:\workspace\configtool\configtool\release\aspg_dlg.obj
d:\workspace\configtool\configtool\release\asosa_dlg.obj
d:\workspace\configtool\configtool\release\ashbm_dlg.obj
d:\workspace\configtool\configtool\release\asgc_dlg.obj
d:\workspace\configtool\configtool\release\aseid_dlg.obj
d:\workspace\configtool\configtool\release\ascd_dlg.obj
d:\workspace\configtool\configtool\release\asbad_dlg.obj
d:\workspace\configtool\configtool\release\mybasesample.obj
d:\workspace\configtool\configtool\release\mdbcontrol.obj
d:\workspace\configtool\configtool\release\idsvims_dlg.obj
d:\workspace\configtool\configtool\release\idsidbvs_dlg.obj
d:\workspace\configtool\configtool\release\idsavis_dlg.obj
d:\workspace\configtool\configtool\release\iaips_dlg.obj
d:\workspace\configtool\configtool\release\iaepsm_dlg.obj
d:\workspace\configtool\configtool\release\iadops_dlg.obj
d:\workspace\configtool\configtool\release\iadips_dlg.obj
d:\workspace\configtool\configtool\release\devhound.obj
d:\workspace\configtool\configtool\release\debuglog_dlg.obj
d:\workspace\configtool\configtool\release\dcta_dlg.obj
d:\workspace\configtool\configtool\release\dcspw_dlg.obj
d:\workspace\configtool\configtool\release\dcpsdls_dlg.obj
d:\workspace\configtool\configtool\release\dcpcs_dlg.obj
d:\workspace\configtool\configtool\release\dcowh_dlg.obj
d:\workspace\configtool\configtool\release\dchrm_dlg.obj
d:\workspace\configtool\configtool\release\dcgc_dlg.obj
d:\workspace\configtool\configtool\release\dcap_dlg.obj
d:\workspace\configtool\configtool\release\configtooldlg.obj
d:\workspace\configtool\configtool\release\testlist_dlg.obj
d:\workspace\configtool\configtool\release\scqss_dlg.obj
d:\workspace\configtool\configtool\release\scbsri_dlg.obj
d:\workspace\configtool\configtool\release\scbsi_dlg.obj
d:\workspace\configtool\configtool\release\prrfri_dlg.obj
d:\workspace\configtool\configtool\release\prrfcofri_dlg.obj
d:\workspace\configtool\configtool\release\popmessage_dlg.obj
d:\workspace\configtool\configtool\release\oswl_dlg.obj
d:\workspace\configtool\configtool\release\osudf_dlg.obj
d:\workspace\configtool\configtool\release\osucota_dlg.obj
d:\workspace\configtool\configtool\release\osrto_dlg.obj
d:\workspace\configtool\configtool\release\oshmc_dlg.obj
d:\workspace\configtool\configtool\release\osgs_dlg.obj
d:\workspace\configtool\configtool\release\osglsc_dlg.obj
d:\workspace\configtool\configtool\release\oser_dlg.obj
d:\workspace\configtool\configtool\release\oscss_dlg.obj
d:\workspace\configtool\configtool\release\mywork.obj
d:\workspace\configtool\configtool\release\mytabbasedlg.obj
d:\workspace\configtool\release\configtool_v2.03_20210322.ipdb
d:\workspace\configtool\release\configtool_v2.03_20210322.iobj
d:\workspace\configtool\release\configtool_v2.03_20210322.exe
d:\workspace\configtool\release\configtool_v2.03_20210322.pdb
d:\workspace\configtool\configtool\release\configtool.res
d:\workspace\configtool\configtool\release\msado15(2007).tli
d:\workspace\configtool\configtool\release\msado15(2007).tlh
d:\workspace\configtool\configtool\release\configtool.tlog\cl.command.1.tlog
d:\workspace\configtool\configtool\release\configtool.tlog\cl.read.1.tlog
d:\workspace\configtool\configtool\release\configtool.tlog\cl.write.1.tlog
d:\workspace\configtool\configtool\release\configtool.tlog\configtool.write.1u.tlog
d:\workspace\configtool\configtool\release\configtool.tlog\link.command.1.tlog
d:\workspace\configtool\configtool\release\configtool.tlog\link.read.1.tlog
d:\workspace\configtool\configtool\release\configtool.tlog\link.write.1.tlog
d:\workspace\configtool\configtool\release\configtool.tlog\rc.command.1.tlog
d:\workspace\configtool\configtool\release\configtool.tlog\rc.read.1.tlog
d:\workspace\configtool\configtool\release\configtool.tlog\rc.write.1.tlog
