生成启动时间为 2021\3\22 星期一 15:03:28。
     1>项目“D:\WorkSpace\ConfigTool\ConfigTool\ConfigTool.vcxproj”在节点 2 上(rebuild 个目标)。
     1>_PrepareForClean:
         正在删除文件“Debug\ConfigTool.lastbuildstate”。
       InitializeBuildStatus:
         正在创建“Debug\ConfigTool.unsuccessfulbuild”，因为已指定“AlwaysCreate”。
       ClCompile:
         C:\Program Files (x86)\Microsoft Visual Studio 10.0\VC\bin\CL.exe /c /ZI /nologo /W3 /WX- /Od /Oy- /D WIN32 /D _WINDOWS /D _DEBUG /D _MBCS /Gm /EHa /RTC1 /MTd /GS /fp:precise /Zc:wchar_t /Zc:forScope /Yc"StdAfx.h" /Fp"Debug\ConfigTool_V1.0_20210127.pch" /Fo"Debug\\" /Fd"Debug\vc100.pdb" /Gd /TP /analyze- /errorReport:prompt stdafx.cpp
         stdafx.cpp
         C:\Program Files (x86)\Microsoft Visual Studio 10.0\VC\bin\CL.exe /c /ZI /nologo /W3 /WX- /Od /Oy- /D WIN32 /D _WINDOWS /D _DEBUG /D _MBCS /Gm /EHa /RTC1 /MTd /GS /fp:precise /Zc:wchar_t /Zc:forScope /Yu"StdAfx.h" /Fp"Debug\ConfigTool_V1.0_20210127.pch" /Fo"Debug\\" /Fd"Debug\vc100.pdb" /Gd /TP /analyze- /errorReport:prompt ASbad_Dlg.cpp AScd_Dlg.cpp ASeid_Dlg.cpp ASgc_Dlg.cpp AShbm_Dlg.cpp ASosa_Dlg.cpp ASpg_Dlg.cpp ASrdc_Dlg.cpp ASrdc_Dlgnew.cpp ASrdc_Dlgone.cpp ASrdc_Dlgtwo.cpp ASsadr_Dlg.cpp ASsa_Dlg.cpp ASser_Dlg.cpp ASsosa_Dlg.cpp ASssr_Dlg.cpp AStac_Dlg.cpp ATCMD.cpp ComPortEx.cpp ConfigTool.cpp ConfigToolDlg.cpp DCap_Dlg.cpp DCgc_Dlg.cpp DChrm_Dlg.cpp DCowh_Dlg.cpp DCpcs_Dlg.cpp DCpsdls_Dlg.cpp DCspw_Dlg.cpp DCta_Dlg.cpp DEBUGLOG_Dlg.cpp DevHound.cpp IAdips_Dlg.cpp IAdops_Dlg.cpp IAepsm_Dlg.cpp IAips_Dlg.cpp IDSavis_Dlg.cpp IDSidbvs_Dlg.cpp IDSvims_Dlg.cpp MdbControl.cpp MyBaseSample.cpp MyTabBaseDlg.cpp MYWORK.cpp OScss_Dlg.cpp OSer_Dlg.cpp OSglsc_Dlg.cpp OSgs_Dlg.cpp OShmc_Dlg.cpp OSrto_Dlg.cpp OSucota_Dlg.cpp OSudf_Dlg.cpp OSwl_Dlg.cpp PopMessage_Dlg.cpp PRRfcofri_Dlg.cpp PRRfri_Dlg.cpp SCbsi_Dlg.cpp SCbsri_Dlg.cpp SCqss_Dlg.cpp TESTLIST_Dlg.cpp
         TESTLIST_Dlg.cpp
         SCqss_Dlg.cpp
         SCbsri_Dlg.cpp
         SCbsi_Dlg.cpp
         PRRfri_Dlg.cpp
         PRRfcofri_Dlg.cpp
         PopMessage_Dlg.cpp
         OSwl_Dlg.cpp
         OSudf_Dlg.cpp
         OSucota_Dlg.cpp
         OSrto_Dlg.cpp
         OShmc_Dlg.cpp
         OSgs_Dlg.cpp
         OSglsc_Dlg.cpp
         OSer_Dlg.cpp
         OScss_Dlg.cpp
         MYWORK.cpp
     1>d:\workspace\configtool\configtool\mywork.cpp(607): warning C4996: 'fopen': This function or variable may be unsafe. Consider using fopen_s instead. To disable deprecation, use _CRT_SECURE_NO_WARNINGS. See online help for details.
                 c:\program files (x86)\microsoft visual studio 10.0\vc\include\stdio.h(234) : 参见“fopen”的声明
     1>d:\workspace\configtool\configtool\mywork.cpp(612): warning C4996: 'fopen': This function or variable may be unsafe. Consider using fopen_s instead. To disable deprecation, use _CRT_SECURE_NO_WARNINGS. See online help for details.
                 c:\program files (x86)\microsoft visual studio 10.0\vc\include\stdio.h(234) : 参见“fopen”的声明
     1>d:\workspace\configtool\configtool\mywork.cpp(619): warning C4996: 'fopen': This function or variable may be unsafe. Consider using fopen_s instead. To disable deprecation, use _CRT_SECURE_NO_WARNINGS. See online help for details.
                 c:\program files (x86)\microsoft visual studio 10.0\vc\include\stdio.h(234) : 参见“fopen”的声明
         MyTabBaseDlg.cpp
         MyBaseSample.cpp
         MdbControl.cpp
         正在生成代码...
         正在编译...
         IDSvims_Dlg.cpp
         IDSidbvs_Dlg.cpp
         IDSavis_Dlg.cpp
         IAips_Dlg.cpp
         IAepsm_Dlg.cpp
         IAdops_Dlg.cpp
         IAdips_Dlg.cpp
         DevHound.cpp
         DEBUGLOG_Dlg.cpp
         DCta_Dlg.cpp
         DCspw_Dlg.cpp
         DCpsdls_Dlg.cpp
         DCpcs_Dlg.cpp
         DCowh_Dlg.cpp
         DChrm_Dlg.cpp
         DCgc_Dlg.cpp
         DCap_Dlg.cpp
         ConfigToolDlg.cpp
         ConfigTool.cpp
         ComPortEx.cpp
         正在生成代码...
         正在编译...
         ATCMD.cpp
         AStac_Dlg.cpp
         ASssr_Dlg.cpp
         ASsosa_Dlg.cpp
         ASser_Dlg.cpp
         ASsa_Dlg.cpp
         ASsadr_Dlg.cpp
         ASrdc_Dlgtwo.cpp
         ASrdc_Dlgone.cpp
         ASrdc_Dlgnew.cpp
         ASrdc_Dlg.cpp
         ASpg_Dlg.cpp
         ASosa_Dlg.cpp
         AShbm_Dlg.cpp
         ASgc_Dlg.cpp
         ASeid_Dlg.cpp
         AScd_Dlg.cpp
         ASbad_Dlg.cpp
         正在生成代码...
       ResourceCompile:
         C:\Program Files (x86)\Microsoft SDKs\Windows\v7.0A\bin\rc.exe /D _DEBUG /l"0x0804" /IDebug\ /nologo /fo"Debug\ConfigTool.res" ConfigTool.rc 
       ManifestResourceCompile:
         C:\Program Files (x86)\Microsoft SDKs\Windows\v7.0A\bin\rc.exe /nologo /fo"Debug\ConfigTool_V1.0_20210127.exe.embed.manifest.res" Debug\ConfigTool_V1.0_20210127_manifest.rc 
       Link:
         C:\Program Files (x86)\Microsoft Visual Studio 10.0\VC\bin\link.exe /ERRORREPORT:PROMPT /OUT:"D:\WorkSpace\ConfigTool\Debug\ConfigTool_V1.0_20210127.exe" /INCREMENTAL /NOLOGO /MANIFEST /ManifestFile:"Debug\ConfigTool_V1.0_20210127.exe.intermediate.manifest" /MANIFESTUAC:"level='asInvoker' uiAccess='false'" /DEBUG /PDB:"D:\WorkSpace\ConfigTool\Debug\ConfigTool_V1.0_20210127.pdb" /SUBSYSTEM:WINDOWS /TLBID:1 /DYNAMICBASE /NXCOMPAT /IMPLIB:"D:\WorkSpace\ConfigTool\Debug\ConfigTool_V1.0_20210127.lib" /MACHINE:X86 Debug\ConfigTool.res
         Debug\ConfigTool_V1.0_20210127.exe.embed.manifest.res
         Debug\ASbad_Dlg.obj
         Debug\AScd_Dlg.obj
         Debug\ASeid_Dlg.obj
         Debug\ASgc_Dlg.obj
         Debug\AShbm_Dlg.obj
         Debug\ASosa_Dlg.obj
         Debug\ASpg_Dlg.obj
         Debug\ASrdc_Dlg.obj
         Debug\ASrdc_Dlgnew.obj
         Debug\ASrdc_Dlgone.obj
         Debug\ASrdc_Dlgtwo.obj
         Debug\ASsadr_Dlg.obj
         Debug\ASsa_Dlg.obj
         Debug\ASser_Dlg.obj
         Debug\ASsosa_Dlg.obj
         Debug\ASssr_Dlg.obj
         Debug\AStac_Dlg.obj
         Debug\ATCMD.obj
         Debug\ComPortEx.obj
         Debug\ConfigTool.obj
         Debug\ConfigToolDlg.obj
         Debug\DCap_Dlg.obj
         Debug\DCgc_Dlg.obj
         Debug\DChrm_Dlg.obj
         Debug\DCowh_Dlg.obj
         Debug\DCpcs_Dlg.obj
         Debug\DCpsdls_Dlg.obj
         Debug\DCspw_Dlg.obj
         Debug\DCta_Dlg.obj
         Debug\DEBUGLOG_Dlg.obj
         Debug\DevHound.obj
         Debug\IAdips_Dlg.obj
         Debug\IAdops_Dlg.obj
         Debug\IAepsm_Dlg.obj
         Debug\IAips_Dlg.obj
         Debug\IDSavis_Dlg.obj
         Debug\IDSidbvs_Dlg.obj
         Debug\IDSvims_Dlg.obj
         Debug\MdbControl.obj
         Debug\MyBaseSample.obj
         Debug\MyTabBaseDlg.obj
         Debug\MYWORK.obj
         Debug\OScss_Dlg.obj
         Debug\OSer_Dlg.obj
         Debug\OSglsc_Dlg.obj
         Debug\OSgs_Dlg.obj
         Debug\OShmc_Dlg.obj
         Debug\OSrto_Dlg.obj
         Debug\OSucota_Dlg.obj
         Debug\OSudf_Dlg.obj
         Debug\OSwl_Dlg.obj
         Debug\PopMessage_Dlg.obj
         Debug\PRRfcofri_Dlg.obj
         Debug\PRRfri_Dlg.obj
         Debug\SCbsi_Dlg.obj
         Debug\SCbsri_Dlg.obj
         Debug\SCqss_Dlg.obj
         Debug\stdafx.obj
         Debug\TESTLIST_Dlg.obj
       Manifest:
         正在删除文件“Debug\ConfigTool_V1.0_20210127.exe.embed.manifest”。
         C:\Program Files (x86)\Microsoft SDKs\Windows\v7.0A\bin\mt.exe /nologo /verbose /out:"Debug\ConfigTool_V1.0_20210127.exe.embed.manifest" /manifest Debug\ConfigTool_V1.0_20210127.exe.intermediate.manifest "C:\Program Files (x86)\Microsoft Visual Studio 10.0\VC\Include\Manifest\dpiaware.manifest"
         C:\Program Files (x86)\Microsoft SDKs\Windows\v7.0A\bin\rc.exe /nologo /fo"Debug\ConfigTool_V1.0_20210127.exe.embed.manifest.res" Debug\ConfigTool_V1.0_20210127_manifest.rc 
       LinkEmbedManifest:
         C:\Program Files (x86)\Microsoft Visual Studio 10.0\VC\bin\link.exe /ERRORREPORT:PROMPT /OUT:"D:\WorkSpace\ConfigTool\Debug\ConfigTool_V1.0_20210127.exe" /INCREMENTAL /NOLOGO /MANIFEST /ManifestFile:"Debug\ConfigTool_V1.0_20210127.exe.intermediate.manifest" /MANIFESTUAC:"level='asInvoker' uiAccess='false'" /DEBUG /PDB:"D:\WorkSpace\ConfigTool\Debug\ConfigTool_V1.0_20210127.pdb" /SUBSYSTEM:WINDOWS /TLBID:1 /DYNAMICBASE /NXCOMPAT /IMPLIB:"D:\WorkSpace\ConfigTool\Debug\ConfigTool_V1.0_20210127.lib" /MACHINE:X86 Debug\ConfigTool.res
         Debug\ConfigTool_V1.0_20210127.exe.embed.manifest.res
         Debug\ASbad_Dlg.obj
         Debug\AScd_Dlg.obj
         Debug\ASeid_Dlg.obj
         Debug\ASgc_Dlg.obj
         Debug\AShbm_Dlg.obj
         Debug\ASosa_Dlg.obj
         Debug\ASpg_Dlg.obj
         Debug\ASrdc_Dlg.obj
         Debug\ASrdc_Dlgnew.obj
         Debug\ASrdc_Dlgone.obj
         Debug\ASrdc_Dlgtwo.obj
         Debug\ASsadr_Dlg.obj
         Debug\ASsa_Dlg.obj
         Debug\ASser_Dlg.obj
         Debug\ASsosa_Dlg.obj
         Debug\ASssr_Dlg.obj
         Debug\AStac_Dlg.obj
         Debug\ATCMD.obj
         Debug\ComPortEx.obj
         Debug\ConfigTool.obj
         Debug\ConfigToolDlg.obj
         Debug\DCap_Dlg.obj
         Debug\DCgc_Dlg.obj
         Debug\DChrm_Dlg.obj
         Debug\DCowh_Dlg.obj
         Debug\DCpcs_Dlg.obj
         Debug\DCpsdls_Dlg.obj
         Debug\DCspw_Dlg.obj
         Debug\DCta_Dlg.obj
         Debug\DEBUGLOG_Dlg.obj
         Debug\DevHound.obj
         Debug\IAdips_Dlg.obj
         Debug\IAdops_Dlg.obj
         Debug\IAepsm_Dlg.obj
         Debug\IAips_Dlg.obj
         Debug\IDSavis_Dlg.obj
         Debug\IDSidbvs_Dlg.obj
         Debug\IDSvims_Dlg.obj
         Debug\MdbControl.obj
         Debug\MyBaseSample.obj
         Debug\MyTabBaseDlg.obj
         Debug\MYWORK.obj
         Debug\OScss_Dlg.obj
         Debug\OSer_Dlg.obj
         Debug\OSglsc_Dlg.obj
         Debug\OSgs_Dlg.obj
         Debug\OShmc_Dlg.obj
         Debug\OSrto_Dlg.obj
         Debug\OSucota_Dlg.obj
         Debug\OSudf_Dlg.obj
         Debug\OSwl_Dlg.obj
         Debug\PopMessage_Dlg.obj
         Debug\PRRfcofri_Dlg.obj
         Debug\PRRfri_Dlg.obj
         Debug\SCbsi_Dlg.obj
         Debug\SCbsri_Dlg.obj
         Debug\SCqss_Dlg.obj
         Debug\stdafx.obj
         Debug\TESTLIST_Dlg.obj
         ConfigTool.vcxproj -> D:\WorkSpace\ConfigTool\Debug\ConfigTool_V1.0_20210127.exe
       FinalizeBuildStatus:
         正在删除文件“Debug\ConfigTool.unsuccessfulbuild”。
         正在对“Debug\ConfigTool.lastbuildstate”执行 Touch 任务。
     1>已完成生成项目“D:\WorkSpace\ConfigTool\ConfigTool\ConfigTool.vcxproj”(rebuild 个目标)的操作。

生成成功。

已用时间 00:01:25.59
