D:\WORKSPACE\CONFIGTOOL\CONFIGTOOL\DEBUG\ASBAD_DLG.OBJ
D:\WORKSPACE\CONFIGTOOL\CONFIGTOOL\DEBUG\ASCD_DLG.OBJ
D:\WORKSPACE\CONFIGTOOL\CONFIGTOOL\DEBUG\ASEID_DLG.OBJ
D:\WORKSPACE\CONFIGTOOL\CONFIGTOOL\DEBUG\ASGC_DLG.OBJ
D:\WORKSPACE\CONFIGTOOL\CONFIGTOOL\DEBUG\ASHBM_DLG.OBJ
D:\WORKSPACE\CONFIGTOOL\CONFIGTOOL\DEBUG\ASOSA_DLG.OBJ
D:\WORKSPACE\CONFIGTOOL\CONFIGTOOL\DEBUG\ASPG_DLG.OBJ
D:\WORKSPACE\CONFIGTOOL\CONFIGTOOL\DEBUG\ASRDC_DLG.OBJ
D:\WORKSPACE\CONFIGTOOL\CONFIGTOOL\DEBUG\ASRDC_DLGNEW.OBJ
D:\WORKSPACE\CONFIGTOOL\CONFIGTOOL\DEBUG\ASRDC_DLGONE.OBJ
D:\WORKSPACE\CONFIGTOOL\CONFIGTOOL\DEBUG\ASRDC_DLGTWO.OBJ
D:\WORKSPACE\CONFIGTOOL\CONFIGTOOL\DEBUG\ASSA_DLG.OBJ
D:\WORKSPACE\CONFIGTOOL\CONFIGTOOL\DEBUG\ASSADR_DLG.OBJ
D:\WORKSPACE\CONFIGTOOL\CONFIGTOOL\DEBUG\ASSER_DLG.OBJ
D:\WORKSPACE\CONFIGTOOL\CONFIGTOOL\DEBUG\ASSOSA_DLG.OBJ
D:\WORKSPACE\CONFIGTOOL\CONFIGTOOL\DEBUG\ASSSR_DLG.OBJ
D:\WORKSPACE\CONFIGTOOL\CONFIGTOOL\DEBUG\ASTAC_DLG.OBJ
D:\WORKSPACE\CONFIGTOOL\CONFIGTOOL\DEBUG\ATCMD.OBJ
D:\WorkSpace\ConfigTool\ConfigTool\Debug\cl.command.1.tlog
D:\WorkSpace\ConfigTool\ConfigTool\Debug\CL.read.1.tlog
D:\WorkSpace\ConfigTool\ConfigTool\Debug\CL.write.1.tlog
D:\WORKSPACE\CONFIGTOOL\CONFIGTOOL\DEBUG\COMPORTEX.OBJ
D:\WORKSPACE\CONFIGTOOL\CONFIGTOOL\DEBUG\CONFIGTOOL.OBJ
D:\WORKSPACE\CONFIGTOOL\CONFIGTOOL\DEBUG\CONFIGTOOL.RES
D:\WorkSpace\ConfigTool\ConfigTool\Debug\ConfigTool.write.1.tlog
D:\WORKSPACE\CONFIGTOOL\CONFIGTOOL\DEBUG\CONFIGTOOL_V1.0_20210127.EXE.EMBED.MANIFEST
D:\WORKSPACE\CONFIGTOOL\CONFIGTOOL\DEBUG\CONFIGTOOL_V1.0_20210127.EXE.EMBED.MANIFEST.RES
D:\WORKSPACE\CONFIGTOOL\CONFIGTOOL\DEBUG\CONFIGTOOL_V1.0_20210127.EXE.INTERMEDIATE.MANIFEST
D:\WORKSPACE\CONFIGTOOL\CONFIGTOOL\DEBUG\CONFIGTOOL_V1.0_20210127.PCH
D:\WorkSpace\ConfigTool\ConfigTool\Debug\ConfigTool_V1.0_20210127_manifest.rc
D:\WORKSPACE\CONFIGTOOL\CONFIGTOOL\DEBUG\CONFIGTOOLDLG.OBJ
D:\WORKSPACE\CONFIGTOOL\CONFIGTOOL\DEBUG\DCAP_DLG.OBJ
D:\WORKSPACE\CONFIGTOOL\CONFIGTOOL\DEBUG\DCGC_DLG.OBJ
D:\WORKSPACE\CONFIGTOOL\CONFIGTOOL\DEBUG\DCHRM_DLG.OBJ
D:\WORKSPACE\CONFIGTOOL\CONFIGTOOL\DEBUG\DCOWH_DLG.OBJ
D:\WORKSPACE\CONFIGTOOL\CONFIGTOOL\DEBUG\DCPCS_DLG.OBJ
D:\WORKSPACE\CONFIGTOOL\CONFIGTOOL\DEBUG\DCPSDLS_DLG.OBJ
D:\WORKSPACE\CONFIGTOOL\CONFIGTOOL\DEBUG\DCSPW_DLG.OBJ
D:\WORKSPACE\CONFIGTOOL\CONFIGTOOL\DEBUG\DCTA_DLG.OBJ
D:\WORKSPACE\CONFIGTOOL\CONFIGTOOL\DEBUG\DEBUGLOG_DLG.OBJ
D:\WORKSPACE\CONFIGTOOL\CONFIGTOOL\DEBUG\DEVHOUND.OBJ
D:\WORKSPACE\CONFIGTOOL\CONFIGTOOL\DEBUG\IADIPS_DLG.OBJ
D:\WORKSPACE\CONFIGTOOL\CONFIGTOOL\DEBUG\IADOPS_DLG.OBJ
D:\WORKSPACE\CONFIGTOOL\CONFIGTOOL\DEBUG\IAEPSM_DLG.OBJ
D:\WORKSPACE\CONFIGTOOL\CONFIGTOOL\DEBUG\IAIPS_DLG.OBJ
D:\WORKSPACE\CONFIGTOOL\CONFIGTOOL\DEBUG\IDSAVIS_DLG.OBJ
D:\WORKSPACE\CONFIGTOOL\CONFIGTOOL\DEBUG\IDSIDBVS_DLG.OBJ
D:\WORKSPACE\CONFIGTOOL\CONFIGTOOL\DEBUG\IDSVIMS_DLG.OBJ
D:\WorkSpace\ConfigTool\ConfigTool\Debug\link.command.1.tlog
D:\WorkSpace\ConfigTool\ConfigTool\Debug\link.read.1.tlog
D:\WorkSpace\ConfigTool\ConfigTool\Debug\link.write.1.tlog
D:\WorkSpace\ConfigTool\ConfigTool\Debug\link-cvtres.read.1.tlog
D:\WorkSpace\ConfigTool\ConfigTool\Debug\link-cvtres.write.1.tlog
D:\WORKSPACE\CONFIGTOOL\CONFIGTOOL\DEBUG\MDBCONTROL.OBJ
D:\WorkSpace\ConfigTool\ConfigTool\Debug\msado15(2007).tlh
D:\WorkSpace\ConfigTool\ConfigTool\Debug\msado15(2007).tli
D:\WorkSpace\ConfigTool\ConfigTool\Debug\mt.command.1.tlog
D:\WorkSpace\ConfigTool\ConfigTool\Debug\mt.read.1.tlog
D:\WorkSpace\ConfigTool\ConfigTool\Debug\mt.write.1.tlog
D:\WORKSPACE\CONFIGTOOL\CONFIGTOOL\DEBUG\MYBASESAMPLE.OBJ
D:\WORKSPACE\CONFIGTOOL\CONFIGTOOL\DEBUG\MYTABBASEDLG.OBJ
D:\WORKSPACE\CONFIGTOOL\CONFIGTOOL\DEBUG\MYWORK.OBJ
D:\WORKSPACE\CONFIGTOOL\CONFIGTOOL\DEBUG\OSCSS_DLG.OBJ
D:\WORKSPACE\CONFIGTOOL\CONFIGTOOL\DEBUG\OSER_DLG.OBJ
D:\WORKSPACE\CONFIGTOOL\CONFIGTOOL\DEBUG\OSGLSC_DLG.OBJ
D:\WORKSPACE\CONFIGTOOL\CONFIGTOOL\DEBUG\OSGS_DLG.OBJ
D:\WORKSPACE\CONFIGTOOL\CONFIGTOOL\DEBUG\OSHMC_DLG.OBJ
D:\WORKSPACE\CONFIGTOOL\CONFIGTOOL\DEBUG\OSRTO_DLG.OBJ
D:\WORKSPACE\CONFIGTOOL\CONFIGTOOL\DEBUG\OSUCOTA_DLG.OBJ
D:\WORKSPACE\CONFIGTOOL\CONFIGTOOL\DEBUG\OSUDF_DLG.OBJ
D:\WORKSPACE\CONFIGTOOL\CONFIGTOOL\DEBUG\OSWL_DLG.OBJ
D:\WORKSPACE\CONFIGTOOL\CONFIGTOOL\DEBUG\POPMESSAGE_DLG.OBJ
D:\WORKSPACE\CONFIGTOOL\CONFIGTOOL\DEBUG\PRRFCOFRI_DLG.OBJ
D:\WORKSPACE\CONFIGTOOL\CONFIGTOOL\DEBUG\PRRFRI_DLG.OBJ
D:\WorkSpace\ConfigTool\ConfigTool\Debug\rc.command.1.tlog
D:\WorkSpace\ConfigTool\ConfigTool\Debug\rc.read.1.tlog
D:\WorkSpace\ConfigTool\ConfigTool\Debug\rc.write.1.tlog
D:\WORKSPACE\CONFIGTOOL\CONFIGTOOL\DEBUG\SCBSI_DLG.OBJ
D:\WORKSPACE\CONFIGTOOL\CONFIGTOOL\DEBUG\SCBSRI_DLG.OBJ
D:\WORKSPACE\CONFIGTOOL\CONFIGTOOL\DEBUG\SCQSS_DLG.OBJ
D:\WORKSPACE\CONFIGTOOL\CONFIGTOOL\DEBUG\STDAFX.OBJ
D:\WORKSPACE\CONFIGTOOL\CONFIGTOOL\DEBUG\TESTLIST_DLG.OBJ
D:\WorkSpace\ConfigTool\ConfigTool\Debug\vc100.idb
D:\WORKSPACE\CONFIGTOOL\CONFIGTOOL\DEBUG\VC100.PDB
D:\WORKSPACE\CONFIGTOOL\DEBUG\CONFIGTOOL_V1.0_20210127.EXE
D:\WORKSPACE\CONFIGTOOL\DEBUG\CONFIGTOOL_V1.0_20210127.ILK
D:\WORKSPACE\CONFIGTOOL\DEBUG\CONFIGTOOL_V1.0_20210127.PDB
