生成启动时间为 2020\4\26 星期日 16:38:58。
     1>项目“D:\WorkSpace\RDDebugTool\RDDebug\RDDebug\RDDebug.vcxproj”在节点 2 上(rebuild 个目标)。
     1>_PrepareForClean:
         正在删除文件“Debug\RDDebug.lastbuildstate”。
       InitializeBuildStatus:
         正在创建“Debug\RDDebug.unsuccessfulbuild”，因为已指定“AlwaysCreate”。
       ClCompile:
         C:\Program Files (x86)\Microsoft Visual Studio 10.0\VC\bin\CL.exe /c /ZI /nologo /W3 /WX- /Od /Oy- /D WIN32 /D _WINDOWS /D _DEBUG /D _MBCS /Gm /EHsc /RTC1 /MTd /GS /fp:precise /Zc:wchar_t /Zc:forScope /Yc"StdAfx.h" /Fp"Debug\RDDebug.pch" /Fo"Debug\\" /Fd"Debug\vc100.pdb" /Gd /TP /analyze- /errorReport:prompt stdafx.cpp
         stdafx.cpp
         C:\Program Files (x86)\Microsoft Visual Studio 10.0\VC\bin\CL.exe /c /ZI /nologo /W3 /WX- /Od /Oy- /D WIN32 /D _WINDOWS /D _DEBUG /D _MBCS /Gm /EHsc /RTC1 /MTd /GS /fp:precise /Zc:wchar_t /Zc:forScope /Yu"StdAfx.h" /Fp"Debug\RDDebug.pch" /Fo"Debug\\" /Fd"Debug\vc100.pdb" /Gd /TP /analyze- /errorReport:prompt DEBUGLOG_Dlg.cpp MYWORK.cpp RDDebug.cpp RDDebugDlg.cpp TESTLIST_Dlg.cpp
         TESTLIST_Dlg.cpp
         RDDebugDlg.cpp
         RDDebug.cpp
         MYWORK.cpp
     1>d:\workspace\rddebugtool\rddebug\rddebug\mywork.cpp(48): warning C4101: “stopstring”: 未引用的局部变量
         DEBUGLOG_Dlg.cpp
         正在生成代码...
       ResourceCompile:
         C:\Program Files (x86)\Microsoft SDKs\Windows\v7.0A\bin\rc.exe /D _DEBUG /l"0x0804" /IDebug\ /nologo /fo"Debug\RDDebug.res" RDDebug.rc 
       ManifestResourceCompile:
         C:\Program Files (x86)\Microsoft SDKs\Windows\v7.0A\bin\rc.exe /nologo /fo"Debug\RDDebug.exe.embed.manifest.res" Debug\RDDebug_manifest.rc 
       Link:
         C:\Program Files (x86)\Microsoft Visual Studio 10.0\VC\bin\link.exe /ERRORREPORT:PROMPT /OUT:"D:\WorkSpace\RDDebugTool\RDDebug\Debug\RDDebug.exe" /INCREMENTAL /NOLOGO /MANIFEST /ManifestFile:"Debug\RDDebug.exe.intermediate.manifest" /MANIFESTUAC:"level='asInvoker' uiAccess='false'" /DEBUG /PDB:"D:\WorkSpace\RDDebugTool\RDDebug\Debug\RDDebug.pdb" /SUBSYSTEM:WINDOWS /TLBID:1 /DYNAMICBASE /NXCOMPAT /IMPLIB:"D:\WorkSpace\RDDebugTool\RDDebug\Debug\RDDebug.lib" /MACHINE:X86 Debug\RDDebug.res
         Debug\RDDebug.exe.embed.manifest.res
         Debug\DEBUGLOG_Dlg.obj
         Debug\MYWORK.obj
         Debug\RDDebug.obj
         Debug\RDDebugDlg.obj
         Debug\stdafx.obj
         Debug\TESTLIST_Dlg.obj
       Manifest:
         正在删除文件“Debug\RDDebug.exe.embed.manifest”。
         C:\Program Files (x86)\Microsoft SDKs\Windows\v7.0A\bin\mt.exe /nologo /verbose /out:"Debug\RDDebug.exe.embed.manifest" /manifest Debug\RDDebug.exe.intermediate.manifest "C:\Program Files (x86)\Microsoft Visual Studio 10.0\VC\Include\Manifest\dpiaware.manifest"
         C:\Program Files (x86)\Microsoft SDKs\Windows\v7.0A\bin\rc.exe /nologo /fo"Debug\RDDebug.exe.embed.manifest.res" Debug\RDDebug_manifest.rc 
       LinkEmbedManifest:
         C:\Program Files (x86)\Microsoft Visual Studio 10.0\VC\bin\link.exe /ERRORREPORT:PROMPT /OUT:"D:\WorkSpace\RDDebugTool\RDDebug\Debug\RDDebug.exe" /INCREMENTAL /NOLOGO /MANIFEST /ManifestFile:"Debug\RDDebug.exe.intermediate.manifest" /MANIFESTUAC:"level='asInvoker' uiAccess='false'" /DEBUG /PDB:"D:\WorkSpace\RDDebugTool\RDDebug\Debug\RDDebug.pdb" /SUBSYSTEM:WINDOWS /TLBID:1 /DYNAMICBASE /NXCOMPAT /IMPLIB:"D:\WorkSpace\RDDebugTool\RDDebug\Debug\RDDebug.lib" /MACHINE:X86 Debug\RDDebug.res
         Debug\RDDebug.exe.embed.manifest.res
         Debug\DEBUGLOG_Dlg.obj
         Debug\MYWORK.obj
         Debug\RDDebug.obj
         Debug\RDDebugDlg.obj
         Debug\stdafx.obj
         Debug\TESTLIST_Dlg.obj
         RDDebug.vcxproj -> D:\WorkSpace\RDDebugTool\RDDebug\Debug\RDDebug.exe
       FinalizeBuildStatus:
         正在删除文件“Debug\RDDebug.unsuccessfulbuild”。
         正在对“Debug\RDDebug.lastbuildstate”执行 Touch 任务。
     1>已完成生成项目“D:\WorkSpace\RDDebugTool\RDDebug\RDDebug\RDDebug.vcxproj”(rebuild 个目标)的操作。

生成成功。

已用时间 00:00:09.01
