D:\WORKSPACE\RDDEBUGTOOL\RDDEBUG\DEBUG\RDDEBUG.EXE
D:\WORKSPACE\RDDEBUGTOOL\RDDEBUG\DEBUG\RDDEBUG.ILK
D:\WORKSPACE\RDDEBUGTOOL\RDDEBUG\DEBUG\RDDEBUG.PDB
D:\WorkSpace\RDDebugTool\RDDebug\RDDebug\Debug\cl.command.1.tlog
D:\WorkSpace\RDDebugTool\RDDebug\RDDebug\Debug\CL.read.1.tlog
D:\WorkSpace\RDDebugTool\RDDebug\RDDebug\Debug\CL.write.1.tlog
D:\WORKSPACE\RDDEBUGTOOL\RDDEBUG\RDDEBUG\DEBUG\DEBUGLOG_DLG.OBJ
D:\WorkSpace\RDDebugTool\RDDebug\RDDebug\Debug\link.command.1.tlog
D:\WorkSpace\RDDebugTool\RDDebug\RDDebug\Debug\link.read.1.tlog
D:\WorkSpace\RDDebugTool\RDDebug\RDDebug\Debug\link.write.1.tlog
D:\WorkSpace\RDDebugTool\RDDebug\RDDebug\Debug\link-cvtres.read.1.tlog
D:\WorkSpace\RDDebugTool\RDDebug\RDDebug\Debug\link-cvtres.write.1.tlog
D:\WorkSpace\RDDebugTool\RDDebug\RDDebug\Debug\mt.command.1.tlog
D:\WorkSpace\RDDebugTool\RDDebug\RDDebug\Debug\mt.read.1.tlog
D:\WorkSpace\RDDebugTool\RDDebug\RDDebug\Debug\mt.write.1.tlog
D:\WORKSPACE\RDDEBUGTOOL\RDDEBUG\RDDEBUG\DEBUG\MYWORK.OBJ
D:\WorkSpace\RDDebugTool\RDDebug\RDDebug\Debug\rc.command.1.tlog
D:\WorkSpace\RDDebugTool\RDDebug\RDDebug\Debug\rc.read.1.tlog
D:\WorkSpace\RDDebugTool\RDDebug\RDDebug\Debug\rc.write.1.tlog
D:\WORKSPACE\RDDEBUGTOOL\RDDEBUG\RDDEBUG\DEBUG\RDDEBUG.EXE.EMBED.MANIFEST
D:\WORKSPACE\RDDEBUGTOOL\RDDEBUG\RDDEBUG\DEBUG\RDDEBUG.EXE.EMBED.MANIFEST.RES
D:\WORKSPACE\RDDEBUGTOOL\RDDEBUG\RDDEBUG\DEBUG\RDDEBUG.EXE.INTERMEDIATE.MANIFEST
D:\WORKSPACE\RDDEBUGTOOL\RDDEBUG\RDDEBUG\DEBUG\RDDEBUG.OBJ
D:\WORKSPACE\RDDEBUGTOOL\RDDEBUG\RDDEBUG\DEBUG\RDDEBUG.PCH
D:\WORKSPACE\RDDEBUGTOOL\RDDEBUG\RDDEBUG\DEBUG\RDDEBUG.RES
D:\WorkSpace\RDDebugTool\RDDebug\RDDebug\Debug\RDDebug.write.1.tlog
D:\WorkSpace\RDDebugTool\RDDebug\RDDebug\Debug\RDDebug_manifest.rc
D:\WORKSPACE\RDDEBUGTOOL\RDDEBUG\RDDEBUG\DEBUG\RDDEBUGDLG.OBJ
D:\WORKSPACE\RDDEBUGTOOL\RDDEBUG\RDDEBUG\DEBUG\STDAFX.OBJ
D:\WORKSPACE\RDDEBUGTOOL\RDDEBUG\RDDEBUG\DEBUG\TESTLIST_DLG.OBJ
D:\WorkSpace\RDDebugTool\RDDebug\RDDebug\Debug\vc100.idb
D:\WORKSPACE\RDDEBUGTOOL\RDDEBUG\RDDEBUG\DEBUG\VC100.PDB
